<?xml version="1.0" encoding="UTF-8"?>
<!-- Generated by org.testng.reporters.JUnitReportReporter -->
<testsuite hostname="DESKTOP-4T13P6B" failures="0" tests="5" name="com.vtiger.practise.TestNGGroupExecutionPractice" time="0.031" errors="0" timestamp="2022-05-20T11:30:29 IST" skipped="0">
  <testcase classname="com.vtiger.practise.TestNGGroupExecutionPractice" name="practiceTest1" time="0.013"/>
  <system-out>
    <![CDATA[Test1 ]]>
  </system-out>
  <testcase classname="com.vtiger.practise.TestNGGroupExecutionPractice" name="practiceTest5" time="0.003"/>
  <system-out>
    <![CDATA[Test5 ]]>
  </system-out>
  <testcase classname="com.vtiger.practise.TestNGGroupExecutionPractice" name="practiceTest2" time="0.002"/>
  <system-out>
    <![CDATA[Test2 ]]>
  </system-out>
  <testcase classname="com.vtiger.practise.TestNGGroupExecutionPractice" name="practiceTest3" time="0.009"/>
  <system-out>
    <![CDATA[Test3 ]]>
  </system-out>
  <testcase classname="com.vtiger.practise.TestNGGroupExecutionPractice" name="practiceTest4" time="0.004"/>
  <system-out>
    <![CDATA[Test4 ]]>
  </system-out>
</testsuite> <!-- com.vtiger.practise.TestNGGroupExecutionPractice -->
