<?xml version="1.0" encoding="UTF-8"?>
<!-- Generated by org.testng.reporters.JUnitReportReporter -->
<testsuite hostname="DESKTOP-4T13P6B" failures="0" tests="1" name="com.vtiger.organizationTest.CreateOrganizationTest" time="21.412" errors="0" timestamp="2022-05-24T09:51:40 IST" skipped="0">
  <testcase classname="com.vtiger.organizationTest.CreateOrganizationTest" name="createOrganizationTest" time="21.412"/>
  <system-out/>
</testsuite> <!-- com.vtiger.organizationTest.CreateOrganizationTest -->
