<?xml version="1.0" encoding="UTF-8"?>
<!-- Generated by org.testng.reporters.JUnitReportReporter -->
<testsuite hostname="DESKTOP-4T13P6B" failures="0" tests="1" name="com.vtiger.documentTest.CreateDocumentTest" time="19.229" errors="0" timestamp="2022-05-24T10:04:33 IST" skipped="0">
  <testcase classname="com.vtiger.documentTest.CreateDocumentTest" name="createDocumentTest" time="19.229"/>
  <system-out/>
</testsuite> <!-- com.vtiger.documentTest.CreateDocumentTest -->
