<?xml version="1.0" encoding="UTF-8"?>
<!-- Generated by org.testng.reporters.JUnitReportReporter -->
<testsuite hostname="DESKTOP-4T13P6B" failures="0" tests="3" name="com.vtiger.practise.TestNGPracticeTest" time="0.010" errors="0" timestamp="2022-05-20T11:30:29 IST" skipped="0">
  <testcase classname="com.vtiger.practise.TestNGPracticeTest" name="practiceTest3" time="0.002"/>
  <system-out>
    <![CDATA[Test3 ]]>
  </system-out>
  <testcase classname="com.vtiger.practise.TestNGPracticeTest" name="practiceTest" time="0.004"/>
  <system-out>
    <![CDATA[Test1 ]]>
  </system-out>
  <testcase classname="com.vtiger.practise.TestNGPracticeTest" name="practiceTest2" time="0.004"/>
  <system-out>
    <![CDATA[Test2 ]]>
  </system-out>
</testsuite> <!-- com.vtiger.practise.TestNGPracticeTest -->
