<?xml version="1.0" encoding="UTF-8"?>
<!-- Generated by org.testng.reporters.JUnitReportReporter -->
<testsuite hostname="DESKTOP-4T13P6B" failures="0" tests="20" name="com.vtiger.practise.TestNGPractice2Test" time="0.045" errors="0" timestamp="2022-05-20T11:30:29 IST" skipped="0">
  <testcase classname="com.vtiger.practise.TestNGPractice2Test" name="practiceTest" time="0.001"/>
  <system-out>
    <![CDATA[username14   ---->   Password14]]>
  </system-out>
  <testcase classname="com.vtiger.practise.TestNGPractice2Test" name="practiceTest" time="0.002"/>
  <system-out>
    <![CDATA[username3   ---->   Password3]]>
  </system-out>
  <testcase classname="com.vtiger.practise.TestNGPractice2Test" name="practiceTest" time="0.004"/>
  <system-out>
    <![CDATA[username20   ---->   Password20]]>
  </system-out>
  <testcase classname="com.vtiger.practise.TestNGPractice2Test" name="practiceTest" time="0.001"/>
  <system-out>
    <![CDATA[username15   ---->   Password15]]>
  </system-out>
  <testcase classname="com.vtiger.practise.TestNGPractice2Test" name="practiceTest" time="0.001"/>
  <system-out>
    <![CDATA[username8   ---->   Password8]]>
  </system-out>
  <testcase classname="com.vtiger.practise.TestNGPractice2Test" name="practiceTest" time="0.001"/>
  <system-out>
    <![CDATA[username11   ---->   Password11]]>
  </system-out>
  <testcase classname="com.vtiger.practise.TestNGPractice2Test" name="practiceTest" time="0.005"/>
  <system-out>
    <![CDATA[username12   ---->   Password12]]>
  </system-out>
  <testcase classname="com.vtiger.practise.TestNGPractice2Test" name="practiceTest" time="0.002"/>
  <system-out>
    <![CDATA[username17   ---->   Password17]]>
  </system-out>
  <testcase classname="com.vtiger.practise.TestNGPractice2Test" name="practiceTest" time="0.005"/>
  <system-out>
    <![CDATA[username13   ---->   Password13]]>
  </system-out>
  <testcase classname="com.vtiger.practise.TestNGPractice2Test" name="practiceTest" time="0.003"/>
  <system-out>
    <![CDATA[username16   ---->   Password16]]>
  </system-out>
  <testcase classname="com.vtiger.practise.TestNGPractice2Test" name="practiceTest" time="0.002"/>
  <system-out>
    <![CDATA[username6   ---->   Password6]]>
  </system-out>
  <testcase classname="com.vtiger.practise.TestNGPractice2Test" name="practiceTest" time="0.002"/>
  <system-out>
    <![CDATA[username2   ---->   Password2]]>
  </system-out>
  <testcase classname="com.vtiger.practise.TestNGPractice2Test" name="practiceTest" time="0.002"/>
  <system-out>
    <![CDATA[username5   ---->   Password5]]>
  </system-out>
  <testcase classname="com.vtiger.practise.TestNGPractice2Test" name="practiceTest" time="0.005"/>
  <system-out>
    <![CDATA[username4   ---->   Password4]]>
  </system-out>
  <testcase classname="com.vtiger.practise.TestNGPractice2Test" name="practiceTest" time="0.003"/>
  <system-out>
    <![CDATA[username18   ---->   Password18]]>
  </system-out>
  <testcase classname="com.vtiger.practise.TestNGPractice2Test" name="practiceTest" time="0.001"/>
  <system-out>
    <![CDATA[username9   ---->   Password9]]>
  </system-out>
  <testcase classname="com.vtiger.practise.TestNGPractice2Test" name="practiceTest" time="0.001"/>
  <system-out>
    <![CDATA[username19   ---->   Password19]]>
  </system-out>
  <testcase classname="com.vtiger.practise.TestNGPractice2Test" name="practiceTest" time="0.002"/>
  <system-out>
    <![CDATA[username10   ---->   Password10]]>
  </system-out>
  <testcase classname="com.vtiger.practise.TestNGPractice2Test" name="practiceTest" time="0.001"/>
  <system-out>
    <![CDATA[username1   ---->   Password1]]>
  </system-out>
  <testcase classname="com.vtiger.practise.TestNGPractice2Test" name="practiceTest" time="0.001"/>
  <system-out>
    <![CDATA[username7   ---->   Password7]]>
  </system-out>
</testsuite> <!-- com.vtiger.practise.TestNGPractice2Test -->
